%!Adobe-FontList 1.14
%Locale:0x409

%BeginFont
Handler:DirectoryHandler
FontType:TrueType
FontName:Aller-Bold
FamilyName:Aller
StyleName:Bold
MenuName:Aller
StyleBits:2
WeightClass:700
WidthClass:5
AngleClass:0
FullName:Aller Bold
WritingScript:Roman
OutlineFileName:\Aller_Bd.ttf
DataFormat:sfntData
FileLength:128368
FileModTime:1370353892
%EndFont

%BeginFont
Handler:DirectoryHandler
FontType:TrueType
FontName:Aller
FamilyName:Aller
StyleName:Regular
MenuName:Aller
StyleBits:0
WeightClass:400
WidthClass:5
AngleClass:0
FullName:Aller
WritingScript:Roman
OutlineFileName:\Aller_Rg.ttf
DataFormat:sfntData
FileLength:134436
FileModTime:1370353890
%EndFont

